DPS:1215 BID:195000000 BUYOUT:265000000
STAT:Bonus Minimum Weapon Damage VALUE:285
STAT:Bonus Maximum Weapon Damage VALUE:308
STAT:Weapon Damage % VALUE:48
STAT:Attack Speed % VALUE:5
STAT:Max Arcane Power VALUE:11
SOCKET:Empty Socket VALUE:0 GEM:0 RANK:0
 
DPS:1189 BID:200000000 BUYOUT:250000000
STAT:Bonus Minimum Weapon Damage VALUE:221
STAT:Bonus Maximum Weapon Damage VALUE:375
STAT:Weapon Damage % VALUE:49
STAT:Dexterity VALUE:60
STAT:Intelligence VALUE:51
STAT:Attack Speed % VALUE:8
STAT:Max Arcane Power VALUE:15
SOCKET:Empty Socket VALUE:0 GEM:0 RANK:0
 
DPS:1170 BID:78019208 BUYOUT:150000000
STAT:Bonus Minimum Weapon Damage VALUE:262
STAT:Bonus Maximum Weapon Damage VALUE:355
STAT:Weapon Damage % VALUE:50
SOCKET:Critical Hit Damage VALUE:80 GEM:Emerald RANK:12
 
DPS:1158 BID:181000009 BUYOUT:242100009
STAT:Bonus Minimum Weapon Damage VALUE:283
STAT:Bonus Maximum Weapon Damage VALUE:369
STAT:Weapon Damage % VALUE:32
STAT:Attack Speed % VALUE:7
STAT:Max Arcane Power VALUE:7
SOCKET:Critical Hit Damage VALUE:70 GEM:Emerald RANK:11
 
DPS:1157 BID:170100819 BUYOUT:199999999
STAT:Bonus Minimum Weapon Damage VALUE:280
STAT:Bonus Maximum Weapon Damage VALUE:362
STAT:Weapon Damage % VALUE:46
STAT:Strength VALUE:147
SOCKET:Empty Socket VALUE:0 GEM:0 RANK:0
 
DPS:1150 BID:55000000 BUYOUT:80000000
STAT:Bonus Minimum Weapon Damage VALUE:303
STAT:Bonus Maximum Weapon Damage VALUE:277
STAT:Weapon Damage % VALUE:50
SOCKET:Critical Hit Damage VALUE:80 GEM:Emerald RANK:12
 
DPS:1140 BID:800000000 BUYOUT:1000000000
STAT:Bonus Minimum Weapon Damage VALUE:261
STAT:Bonus Maximum Weapon Damage VALUE:343
STAT:Weapon Damage % VALUE:47
STAT:Critical Hit Damage VALUE:61
STAT:Max Arcane Power VALUE:14
SOCKET:Critical Hit Damage VALUE:90 GEM:Emerald RANK:13
 
DPS:1131 BID:80000000 BUYOUT:80000000
STAT:Bonus Minimum Weapon Damage VALUE:282
STAT:Bonus Maximum Weapon Damage VALUE:364
STAT:Weapon Damage % VALUE:39
SOCKET:Critical Hit Damage VALUE:70 GEM:Emerald RANK:11
 
DPS:1122 BID:200000000 BUYOUT:300000000
STAT:Bonus Minimum Weapon Damage VALUE:264
STAT:Bonus Maximum Weapon Damage VALUE:367
STAT:Weapon Damage % VALUE:45
STAT:Intelligence VALUE:192
SOCKET:Critical Hit Damage VALUE:70 GEM:Emerald RANK:11
 
DPS:1121 BID:80000000 BUYOUT:80000000
STAT:Bonus Minimum Weapon Damage VALUE:260
STAT:Bonus Maximum Weapon Damage VALUE:374
STAT:Weapon Damage % VALUE:45
STAT:Vitality VALUE:141
SOCKET:Critical Hit Damage VALUE:90 GEM:Emerald RANK:13
 
DPS:1118 BID:100000000 BUYOUT:150000000
STAT:Bonus Minimum Weapon Damage VALUE:262
STAT:Bonus Maximum Weapon Damage VALUE:313
STAT:Weapon Damage % VALUE:48
STAT:Dexterity VALUE:224
STAT:Intelligence VALUE:98
SOCKET:Empty Socket VALUE:0 GEM:0 RANK:0
 
DPS:1115 BID:59000000 BUYOUT:59000000
STAT:Bonus Minimum Weapon Damage VALUE:250
STAT:Bonus Maximum Weapon Damage VALUE:270
STAT:Weapon Damage % VALUE:49
STAT:Indestructible VALUE:0
SOCKET:Bonus Minimum Weapon Damage VALUE:17 GEM:Ruby RANK:11
 
DPS:1113 BID:71254600 BUYOUT:135000000
STAT:Bonus Minimum Weapon Damage VALUE:231
STAT:Bonus Maximum Weapon Damage VALUE:361
STAT:Weapon Damage % VALUE:50
STAT:Strength VALUE:55
STAT:Dexterity VALUE:121
STAT:Max Arcane Power VALUE:13
SOCKET:Critical Hit Damage VALUE:70 GEM:Emerald RANK:11
 
DPS:1107 BID:200000000 BUYOUT:200000000
STAT:Bonus Minimum Weapon Damage VALUE:275
STAT:Bonus Maximum Weapon Damage VALUE:349
STAT:Weapon Damage % VALUE:44
STAT:Intelligence VALUE:78
STAT:Vitality VALUE:52
SOCKET:Critical Hit Damage VALUE:100 GEM:Emerald RANK:14
 
DPS:1090 BID:100000000 BUYOUT:100000000
STAT:Bonus Minimum Weapon Damage VALUE:281
STAT:Bonus Maximum Weapon Damage VALUE:286
STAT:Weapon Damage % VALUE:46
STAT:Intelligence VALUE:117
STAT:Vitality VALUE:116
SOCKET:Critical Hit Damage VALUE:80 GEM:Emerald RANK:12
 
DPS:1089 BID:118000000 BUYOUT:118000000
STAT:Bonus Minimum Weapon Damage VALUE:287
STAT:Bonus Maximum Weapon Damage VALUE:337
STAT:Weapon Damage % VALUE:39
STAT:Critical Hit Damage VALUE:51
SOCKET:Critical Hit Damage VALUE:80 GEM:Emerald RANK:12
 
DPS:1088 BID:78568000 BUYOUT:95000000
STAT:Bonus Minimum Weapon Damage VALUE:193
STAT:Bonus Maximum Weapon Damage VALUE:341
STAT:Weapon Damage % VALUE:49
STAT:Attack Speed % VALUE:11
SOCKET:Critical Hit Damage VALUE:90 GEM:Emerald RANK:13
 
DPS:1082 BID:80000000 BUYOUT:90000000
STAT:Bonus Minimum Weapon Damage VALUE:215
STAT:Bonus Maximum Weapon Damage VALUE:286
STAT:Weapon Damage % VALUE:42
STAT:Vitality VALUE:117
STAT:Attack Speed % VALUE:11
STAT:Reduced Level Requirement VALUE:6
SOCKET:Critical Hit Damage VALUE:80 GEM:Emerald RANK:12
 
DPS:1076 BID:11025000 BUYOUT:0
STAT:Bonus Minimum Weapon Damage VALUE:257
STAT:Bonus Maximum Weapon Damage VALUE:354
STAT:Weapon Damage % VALUE:42
STAT:Dexterity VALUE:74
STAT:Intelligence VALUE:70
SOCKET:Empty Socket VALUE:0 GEM:0 RANK:0
 
DPS:1076 BID:44999999 BUYOUT:44999999
STAT:Bonus Minimum Weapon Damage VALUE:271
STAT:Bonus Maximum Weapon Damage VALUE:349
STAT:Weapon Damage % VALUE:23
STAT:Attack Speed % VALUE:11
SOCKET:Critical Hit Damage VALUE:70 GEM:Emerald RANK:11
 
DPS:1076 BID:60000000 BUYOUT:85000000
STAT:Bonus Minimum Weapon Damage VALUE:247
STAT:Bonus Maximum Weapon Damage VALUE:351
STAT:Weapon Damage % VALUE:44
SOCKET:Critical Hit Damage VALUE:70 GEM:Emerald RANK:11
 
DPS:1066 BID:39000000 BUYOUT:45000000
STAT:Bonus Minimum Weapon Damage VALUE:282
STAT:Bonus Maximum Weapon Damage VALUE:285
STAT:Weapon Damage % VALUE:38
STAT:Strength VALUE:36
STAT:Vitality VALUE:80
SOCKET:Bonus Minimum Weapon Damage VALUE:14 GEM:Ruby RANK:8
 
DPS:1064 BID:42000000 BUYOUT:70000000
STAT:Bonus Minimum Weapon Damage VALUE:257
STAT:Bonus Maximum Weapon Damage VALUE:353
STAT:Weapon Damage % VALUE:41
STAT:Intelligence VALUE:110
STAT:Vitality VALUE:96
SOCKET:Critical Hit Damage VALUE:70 GEM:Emerald RANK:11
 
DPS:1063 BID:25000000 BUYOUT:30000000
STAT:Bonus Minimum Weapon Damage VALUE:215
STAT:Bonus Maximum Weapon Damage VALUE:353
STAT:Weapon Damage % VALUE:47
SOCKET:Critical Hit Damage VALUE:70 GEM:Emerald RANK:11
 
DPS:1063 BID:30000000 BUYOUT:0
STAT:Bonus Minimum Weapon Damage VALUE:283
STAT:Bonus Maximum Weapon Damage VALUE:294
STAT:Weapon Damage % VALUE:38
STAT:Max Arcane Power VALUE:10
STAT:Bleed Chance VALUE:32
SOCKET:Critical Hit Damage VALUE:60 GEM:Emerald RANK:10
 
DPS:1062 BID:49999999 BUYOUT:69999999
STAT:Bonus Minimum Weapon Damage VALUE:315
STAT:Bonus Maximum Weapon Damage VALUE:312
STAT:Weapon Damage % VALUE:34
SOCKET:Critical Hit Damage VALUE:80 GEM:Emerald RANK:12
 
DPS:1060 BID:120000000 BUYOUT:150000000
STAT:Bonus Minimum Weapon Damage VALUE:255
STAT:Bonus Maximum Weapon Damage VALUE:299
STAT:Weapon Damage % VALUE:44
STAT:Intelligence VALUE:117
STAT:Vitality VALUE:39
STAT:Max Arcane Power VALUE:10
STAT:Life Steal VALUE:2
SOCKET:Empty Socket VALUE:0 GEM:0 RANK:0
 
DPS:1058 BID:120000000 BUYOUT:120000000
STAT:Bonus Minimum Weapon Damage VALUE:272
STAT:Bonus Maximum Weapon Damage VALUE:345
STAT:Weapon Damage % VALUE:34
STAT:Intelligence VALUE:168
STAT:Max Arcane Power VALUE:13
SOCKET:Empty Socket VALUE:0 GEM:0 RANK:0
 
DPS:1055 BID:52000000 BUYOUT:53000000
STAT:Bonus Minimum Weapon Damage VALUE:300
STAT:Bonus Maximum Weapon Damage VALUE:314
STAT:Weapon Damage % VALUE:34
STAT:Strength VALUE:82
STAT:Dexterity VALUE:108
STAT:Life after Kill VALUE:1446
SOCKET:Critical Hit Damage VALUE:70 GEM:Emerald RANK:11
 
DPS:1054 BID:55000000 BUYOUT:0
STAT:Bonus Minimum Weapon Damage VALUE:273
STAT:Bonus Maximum Weapon Damage VALUE:350
STAT:Weapon Damage % VALUE:33
STAT:Strength VALUE:101
STAT:Intelligence VALUE:34
STAT:Max Arcane Power VALUE:12
SOCKET:Critical Hit Damage VALUE:70 GEM:Emerald RANK:11
 
DPS:1046 BID:35000000 BUYOUT:35000000
STAT:Bonus Minimum Poison Damage VALUE:275
STAT:Weapon Damage % VALUE:26
STAT:Attack Speed % VALUE:10
SOCKET:Empty Socket VALUE:0 GEM:0 RANK:0
 
DPS:1045 BID:31000000 BUYOUT:0
STAT:Bonus Minimum Weapon Damage VALUE:271
STAT:Bonus Maximum Weapon Damage VALUE:245
STAT:Weapon Damage % VALUE:49
STAT:Life on Hit VALUE:132
SOCKET:Critical Hit Damage VALUE:60 GEM:Emerald RANK:10
 
DPS:1043 BID:39000000 BUYOUT:45000000
STAT:Bonus Minimum Weapon Damage VALUE:238
STAT:Bonus Maximum Weapon Damage VALUE:249
STAT:Weapon Damage % VALUE:38
STAT:Attack Speed % VALUE:10
SOCKET:Critical Hit Damage VALUE:90 GEM:Emerald RANK:13
 
DPS:1043 BID:60000000 BUYOUT:70000000
STAT:Bonus Minimum Weapon Damage VALUE:236
STAT:Bonus Maximum Weapon Damage VALUE:312
STAT:Weapon Damage % VALUE:48
STAT:Life after Kill VALUE:2504
SOCKET:Critical Hit Damage VALUE:90 GEM:Emerald RANK:13
 
DPS:1043 BID:73000000 BUYOUT:145000000
STAT:Bonus Minimum Weapon Damage VALUE:285
STAT:Bonus Maximum Weapon Damage VALUE:280
STAT:Weapon Damage % VALUE:37
STAT:Vitality VALUE:199
STAT:Life Steal VALUE:2
SOCKET:Critical Hit Damage VALUE:70 GEM:Emerald RANK:11
 
DPS:1042 BID:15000000 BUYOUT:0
STAT:Bonus Minimum Weapon Damage VALUE:265
STAT:Bonus Maximum Weapon Damage VALUE:317
STAT:Weapon Damage % VALUE:37
SOCKET:Critical Hit Damage VALUE:70 GEM:Emerald RANK:11
 
DPS:1042 BID:18000000 BUYOUT:20000000
STAT:Bonus Minimum Weapon Damage VALUE:22
STAT:Bonus Minimum Arcane Damage VALUE:254
STAT:Weapon Damage % VALUE:47
SOCKET:Bonus Minimum Weapon Damage VALUE:16 GEM:Ruby RANK:10
 
DPS:1041 BID:23000000 BUYOUT:25000000
STAT:Bonus Maximum Weapon Damage VALUE:13
STAT:Bonus Minimum Arcane Damage VALUE:285
STAT:Weapon Damage % VALUE:49
SOCKET:Empty Socket VALUE:0 GEM:0 RANK:0
 
DPS:1041 BID:12524658 BUYOUT:49999999
STAT:Bonus Minimum Weapon Damage VALUE:251
STAT:Bonus Maximum Weapon Damage VALUE:317
STAT:Weapon Damage % VALUE:40
SOCKET:Critical Hit Damage VALUE:70 GEM:Emerald RANK:11
 
DPS:1041 BID:50000000 BUYOUT:50000000
STAT:Bonus Minimum Weapon Damage VALUE:297
STAT:Bonus Maximum Weapon Damage VALUE:292
STAT:Weapon Damage % VALUE:35
SOCKET:Critical Hit Damage VALUE:80 GEM:Emerald RANK:12
 
DPS:1040 BID:47250000 BUYOUT:130000000
STAT:Bonus Minimum Weapon Damage VALUE:239
STAT:Bonus Maximum Weapon Damage VALUE:379
STAT:Weapon Damage % VALUE:41
STAT:Strength VALUE:48
STAT:Vitality VALUE:60
STAT:Life Steal VALUE:2
SOCKET:Critical Hit Damage VALUE:70 GEM:Emerald RANK:11
 
DPS:1038 BID:36750000 BUYOUT:75000000
STAT:Bonus Minimum Holy Damage VALUE:280
STAT:Weapon Damage % VALUE:33
STAT:Dexterity VALUE:53
STAT:Vitality VALUE:70
STAT:Attack Speed % VALUE:8
SOCKET:Empty Socket VALUE:0 GEM:0 RANK:0
 
DPS:1037 BID:40000000 BUYOUT:43000000
STAT:Bonus Minimum Weapon Damage VALUE:285
STAT:Bonus Maximum Weapon Damage VALUE:248
STAT:Weapon Damage % VALUE:44
STAT:Dexterity VALUE:71
STAT:Intelligence VALUE:59
SOCKET:Critical Hit Damage VALUE:70 GEM:Emerald RANK:11
 
DPS:1035 BID:71112645 BUYOUT:79000000
STAT:Bonus Minimum Weapon Damage VALUE:293
STAT:Bonus Maximum Weapon Damage VALUE:368
STAT:Weapon Damage % VALUE:25
STAT:Intelligence VALUE:112
STAT:Vitality VALUE:196
SOCKET:Critical Hit Damage VALUE:70 GEM:Emerald RANK:11
 
