..\..\bin\HappyAuction.ilk
..\..\bin\HappyAuction.pdb
D:\HAPPYAUCTION\BIN\HAPPYAUCTION.EXE
D:\HAPPYAUCTION\BIN\HAPPYAUCTION.ILK
D:\HAPPYAUCTION\BIN\HAPPYAUCTION.PDB
D:\HappyAuction\build\HappyAuction\..\..\bin\HappyAuction.exe
D:\HappyAuction\build\HappyAuction\Debug\cl.command.1.tlog
D:\HappyAuction\build\HappyAuction\Debug\CL.read.1.tlog
D:\HappyAuction\build\HappyAuction\Debug\CL.write.1.tlog
D:\HAPPYAUCTION\BUILD\HAPPYAUCTION\DEBUG\CONSTANTS.OBJ
D:\HAPPYAUCTION\BUILD\HAPPYAUCTION\DEBUG\HAPPYAUCTION.EXE.EMBED.MANIFEST
D:\HAPPYAUCTION\BUILD\HAPPYAUCTION\DEBUG\HAPPYAUCTION.EXE.EMBED.MANIFEST.RES
D:\HAPPYAUCTION\BUILD\HAPPYAUCTION\DEBUG\HAPPYAUCTION.EXE.INTERMEDIATE.MANIFEST
D:\HappyAuction\build\HappyAuction\Debug\HappyAuction.write.1.tlog
D:\HappyAuction\build\HappyAuction\Debug\HappyAuction_manifest.rc
D:\HappyAuction\build\HappyAuction\Debug\link.command.1.tlog
D:\HappyAuction\build\HappyAuction\Debug\link.read.1.tlog
D:\HappyAuction\build\HappyAuction\Debug\link.write.1.tlog
D:\HappyAuction\build\HappyAuction\Debug\link-cvtres.read.1.tlog
D:\HappyAuction\build\HappyAuction\Debug\link-cvtres.write.1.tlog
D:\HAPPYAUCTION\BUILD\HAPPYAUCTION\DEBUG\MAIN.OBJ
D:\HappyAuction\build\HappyAuction\Debug\mt.command.1.tlog
D:\HappyAuction\build\HappyAuction\Debug\mt.read.1.tlog
D:\HappyAuction\build\HappyAuction\Debug\mt.write.1.tlog
D:\HappyAuction\build\HappyAuction\Debug\rc.command.1.tlog
D:\HappyAuction\build\HappyAuction\Debug\rc.read.1.tlog
D:\HappyAuction\build\HappyAuction\Debug\rc.write.1.tlog
D:\HAPPYAUCTION\BUILD\HAPPYAUCTION\DEBUG\SYSTEM.RES
D:\HappyAuction\build\HappyAuction\Debug\vc100.idb
D:\HAPPYAUCTION\BUILD\HAPPYAUCTION\DEBUG\VC100.PDB
