Der Buildvorgang wurde am 29.07.2012 19:39:58 gestartet.
     1>Projekt "D:\HappyAuction\build\HappyMemory\HappyMemory.vcxproj" auf Knoten "2", build Ziel(e).
     1>InitializeBuildStatus:
         Aktualisieren des Timestamps von "Debug\HappyMemory.unsuccessfulbuild".
       ClCompile:
         C:\Program Files (x86)\Microsoft Visual Studio 10.0\VC\bin\CL.exe /c /I../../source /ZI /nologo /W3 /WX- /Od /Oy- /D WIN32 /D _DEBUG /D _CONSOLE /D _MBCS /Gm /EHsc /RTC1 /MDd /GS /fp:precise /Zc:wchar_t /Zc:forScope /Fo"Debug\\" /Fd"Debug\vc100.pdb" /Gd /TP /wd4996 /wd4129 /analyze- /errorReport:prompt ..\..\source\HappyMemory\Main.cpp
         Main.cpp
     1>d:\happyauction\source\happymemory\main.cpp(349): error C2653: 'ProcessMemoryMap': Keine Klasse oder Namespace
     1>d:\happyauction\source\happymemory\main.cpp(350): error C2504: 'IScanHandler': Basisklasse undefiniert
     1>d:\happyauction\source\happymemory\main.cpp(354): error C2146: Syntaxfehler: Fehlendes ';' vor Bezeichner '_map'
     1>d:\happyauction\source\happymemory\main.cpp(354): error C4430: Fehlender Typspezifizierer - int wird angenommen. Hinweis: "default-int" wird von C++ nicht unterstützt.
     1>d:\happyauction\source\happymemory\main.cpp(354): error C4430: Fehlender Typspezifizierer - int wird angenommen. Hinweis: "default-int" wird von C++ nicht unterstützt.
     1>d:\happyauction\source\happymemory\main.cpp(361): error C2614: 'SpiderProcess': Unzulässige Elementinitialisierung: '_map' ist weder Basis noch Element
     1>d:\happyauction\source\happymemory\main.cpp(372): error C2065: '_map': nichtdeklarierter Bezeichner
     1>d:\happyauction\source\happymemory\main.cpp(372): error C2228: Links von ".Build" muss sich eine Klasse/Struktur/Union befinden.
                 Typ ist ''unknown-type''
     1>d:\happyauction\source\happymemory\main.cpp(411): error C2065: '_map': nichtdeklarierter Bezeichner
     1>d:\happyauction\source\happymemory\main.cpp(411): error C2228: Links von ".Scan" muss sich eine Klasse/Struktur/Union befinden.
                 Typ ist ''unknown-type''
     1>d:\happyauction\source\happymemory\main.cpp(444): error C2653: 'ProcessMemoryMap': Keine Klasse oder Namespace
                 d:\happyauction\source\happymemory\main.cpp(504): Siehe Verweis auf die Instanziierung der gerade kompilierten Klassen-template "ComparePair<TYPE>".
     1>d:\happyauction\source\happymemory\main.cpp(455): error C2146: Syntaxfehler: Fehlendes ';' vor Bezeichner '_map'
     1>d:\happyauction\source\happymemory\main.cpp(455): error C4430: Fehlender Typspezifizierer - int wird angenommen. Hinweis: "default-int" wird von C++ nicht unterstützt.
     1>d:\happyauction\source\happymemory\main.cpp(455): error C4430: Fehlender Typspezifizierer - int wird angenommen. Hinweis: "default-int" wird von C++ nicht unterstützt.
     1>d:\happyauction\source\happymemory\main.cpp(520): error C2146: Syntaxfehler: Fehlendes ';' vor Bezeichner '_map'
     1>d:\happyauction\source\happymemory\main.cpp(520): error C4430: Fehlender Typspezifizierer - int wird angenommen. Hinweis: "default-int" wird von C++ nicht unterstützt.
     1>d:\happyauction\source\happymemory\main.cpp(520): error C4430: Fehlender Typspezifizierer - int wird angenommen. Hinweis: "default-int" wird von C++ nicht unterstützt.
     1>d:\happyauction\source\happymemory\main.cpp(527): error C2614: 'StructureMole': Unzulässige Elementinitialisierung: '_map' ist weder Basis noch Element
     1>d:\happyauction\source\happymemory\main.cpp(565): error C2065: '_map': nichtdeklarierter Bezeichner
     1>d:\happyauction\source\happymemory\main.cpp(565): error C2228: Links von ".Build" muss sich eine Klasse/Struktur/Union befinden.
                 Typ ist ''unknown-type''
     1>d:\happyauction\source\happymemory\main.cpp(592): error C2065: '_map': nichtdeklarierter Bezeichner
     1>d:\happyauction\source\happymemory\main.cpp(592): error C2228: Links von ".Access" muss sich eine Klasse/Struktur/Union befinden.
                 Typ ist ''unknown-type''
     1>Die Erstellung des Projekts "D:\HappyAuction\build\HappyMemory\HappyMemory.vcxproj" ist abgeschlossen, build Ziel(e) -- FEHLER.

Fehler beim Erstellen

Verstrichene Zeit 00:00:01.31
