Der Buildvorgang wurde am 29.07.2012 18:57:28 gestartet.
     1>Projekt "D:\HappyAuction\build\Lua\Lua.vcxproj" auf Knoten "3", build Ziel(e).
     1>InitializeBuildStatus:
         "Debug\Lua.unsuccessfulbuild" wird erstellt, da "AlwaysCreate" angegeben wurde.
       ClCompile:
         C:\Program Files (x86)\Microsoft Visual Studio 10.0\VC\bin\CL.exe /c /ZI /nologo /W3 /WX- /Od /Oy- /D WIN32 /D _DEBUG /D _LIB /D _MBCS /Gm /EHsc /RTC1 /MDd /GS /fp:precise /Zc:wchar_t /Zc:forScope /Fo"Debug\\" /Fd"Debug\vc100.pdb" /Gd /TP /wd4996 /wd4146 /analyze- /errorReport:prompt ..\..\source\Lua\lapi.c ..\..\source\Lua\lauxlib.c ..\..\source\Lua\lbaselib.c ..\..\source\Lua\lbitlib.c ..\..\source\Lua\lcode.c ..\..\source\Lua\lcorolib.c ..\..\source\Lua\lctype.c ..\..\source\Lua\ldblib.c ..\..\source\Lua\ldebug.c ..\..\source\Lua\ldo.c ..\..\source\Lua\ldump.c ..\..\source\Lua\lfunc.c ..\..\source\Lua\lgc.c ..\..\source\Lua\linit.c ..\..\source\Lua\liolib.c ..\..\source\Lua\llex.c ..\..\source\Lua\lmathlib.c ..\..\source\Lua\lmem.c ..\..\source\Lua\loadlib.c ..\..\source\Lua\lobject.c ..\..\source\Lua\lopcodes.c ..\..\source\Lua\loslib.c ..\..\source\Lua\lparser.c ..\..\source\Lua\lstate.c ..\..\source\Lua\lstring.c ..\..\source\Lua\lstrlib.c ..\..\source\Lua\ltable.c ..\..\source\Lua\ltablib.c ..\..\source\Lua\ltm.c ..\..\source\Lua\lundump.c ..\..\source\Lua\lvm.c ..\..\source\Lua\lzio.c
         lzio.c
         lvm.c
         lundump.c
         ltm.c
         ltablib.c
         ltable.c
         lstrlib.c
         lstring.c
         lstate.c
         lparser.c
         loslib.c
         lopcodes.c
         lobject.c
         loadlib.c
         lmem.c
         lmathlib.c
         llex.c
         liolib.c
         linit.c
         lgc.c
         Code wird generiert...
         Kompilieren...
         lfunc.c
         ldump.c
         ldo.c
         ldebug.c
         ldblib.c
         lctype.c
         lcorolib.c
         lcode.c
         lbitlib.c
         lbaselib.c
         lauxlib.c
         lapi.c
         Code wird generiert...
       Lib:
         C:\Program Files (x86)\Microsoft Visual Studio 10.0\VC\bin\Lib.exe /OUT:"D:\HappyAuction\build\Debug\Lua.lib" /NOLOGO Debug\lapi.obj
         Debug\lauxlib.obj
         Debug\lbaselib.obj
         Debug\lbitlib.obj
         Debug\lcode.obj
         Debug\lcorolib.obj
         Debug\lctype.obj
         Debug\ldblib.obj
         Debug\ldebug.obj
         Debug\ldo.obj
         Debug\ldump.obj
         Debug\lfunc.obj
         Debug\lgc.obj
         Debug\linit.obj
         Debug\liolib.obj
         Debug\llex.obj
         Debug\lmathlib.obj
         Debug\lmem.obj
         Debug\loadlib.obj
         Debug\lobject.obj
         Debug\lopcodes.obj
         Debug\loslib.obj
         Debug\lparser.obj
         Debug\lstate.obj
         Debug\lstring.obj
         Debug\lstrlib.obj
         Debug\ltable.obj
         Debug\ltablib.obj
         Debug\ltm.obj
         Debug\lundump.obj
         Debug\lvm.obj
         Debug\lzio.obj
         Lua.vcxproj -> D:\HappyAuction\build\Debug\Lua.lib
       FinalizeBuildStatus:
         Die Datei "Debug\Lua.unsuccessfulbuild" wird gelöscht.
         Aktualisieren des Timestamps von "Debug\Lua.lastbuildstate".
     1>Die Erstellung des Projekts "D:\HappyAuction\build\Lua\Lua.vcxproj" ist abgeschlossen, build Ziel(e).

Das Erstellen war erfolgreich.

Verstrichene Zeit 00:00:03.58
