D:\HAPPYAUCTION\BUILD\DEBUG\LUA.LIB
D:\HappyAuction\build\Lua\Debug\cl.command.1.tlog
D:\HappyAuction\build\Lua\Debug\CL.read.1.tlog
D:\HappyAuction\build\Lua\Debug\CL.write.1.tlog
D:\HAPPYAUCTION\BUILD\LUA\DEBUG\LAPI.OBJ
D:\HAPPYAUCTION\BUILD\LUA\DEBUG\LAUXLIB.OBJ
D:\HAPPYAUCTION\BUILD\LUA\DEBUG\LBASELIB.OBJ
D:\HAPPYAUCTION\BUILD\LUA\DEBUG\LBITLIB.OBJ
D:\HAPPYAUCTION\BUILD\LUA\DEBUG\LCODE.OBJ
D:\HAPPYAUCTION\BUILD\LUA\DEBUG\LCOROLIB.OBJ
D:\HAPPYAUCTION\BUILD\LUA\DEBUG\LCTYPE.OBJ
D:\HAPPYAUCTION\BUILD\LUA\DEBUG\LDBLIB.OBJ
D:\HAPPYAUCTION\BUILD\LUA\DEBUG\LDEBUG.OBJ
D:\HAPPYAUCTION\BUILD\LUA\DEBUG\LDO.OBJ
D:\HAPPYAUCTION\BUILD\LUA\DEBUG\LDUMP.OBJ
D:\HAPPYAUCTION\BUILD\LUA\DEBUG\LFUNC.OBJ
D:\HAPPYAUCTION\BUILD\LUA\DEBUG\LGC.OBJ
D:\HappyAuction\build\Lua\Debug\lib.command.1.tlog
D:\HappyAuction\build\Lua\Debug\Lib-link.read.1.tlog
D:\HappyAuction\build\Lua\Debug\Lib-link.write.1.tlog
D:\HAPPYAUCTION\BUILD\LUA\DEBUG\LINIT.OBJ
D:\HAPPYAUCTION\BUILD\LUA\DEBUG\LIOLIB.OBJ
D:\HAPPYAUCTION\BUILD\LUA\DEBUG\LLEX.OBJ
D:\HAPPYAUCTION\BUILD\LUA\DEBUG\LMATHLIB.OBJ
D:\HAPPYAUCTION\BUILD\LUA\DEBUG\LMEM.OBJ
D:\HAPPYAUCTION\BUILD\LUA\DEBUG\LOADLIB.OBJ
D:\HAPPYAUCTION\BUILD\LUA\DEBUG\LOBJECT.OBJ
D:\HAPPYAUCTION\BUILD\LUA\DEBUG\LOPCODES.OBJ
D:\HAPPYAUCTION\BUILD\LUA\DEBUG\LOSLIB.OBJ
D:\HAPPYAUCTION\BUILD\LUA\DEBUG\LPARSER.OBJ
D:\HAPPYAUCTION\BUILD\LUA\DEBUG\LSTATE.OBJ
D:\HAPPYAUCTION\BUILD\LUA\DEBUG\LSTRING.OBJ
D:\HAPPYAUCTION\BUILD\LUA\DEBUG\LSTRLIB.OBJ
D:\HAPPYAUCTION\BUILD\LUA\DEBUG\LTABLE.OBJ
D:\HAPPYAUCTION\BUILD\LUA\DEBUG\LTABLIB.OBJ
D:\HAPPYAUCTION\BUILD\LUA\DEBUG\LTM.OBJ
D:\HAPPYAUCTION\BUILD\LUA\DEBUG\LUNDUMP.OBJ
D:\HAPPYAUCTION\BUILD\LUA\DEBUG\LVM.OBJ
D:\HAPPYAUCTION\BUILD\LUA\DEBUG\LZIO.OBJ
D:\HappyAuction\build\Lua\Debug\vc100.idb
D:\HAPPYAUCTION\BUILD\LUA\DEBUG\VC100.PDB
