Der Buildvorgang wurde am 30.07.2012 15:29:34 gestartet.
     1>Projekt "D:\HappyAuction\build\Diablo3\Diablo3.vcxproj" auf Knoten "2", build Ziel(e).
     1>InitializeBuildStatus:
         "Debug\Diablo3.unsuccessfulbuild" wird erstellt, da "AlwaysCreate" angegeben wurde.
       ClCompile:
         C:\Program Files (x86)\Microsoft Visual Studio 10.0\VC\bin\CL.exe /c /I../../source/ /ZI /nologo /W3 /WX- /Od /Oy- /D WIN32 /D _DEBUG /D _LIB /D _MBCS /Gm /EHsc /RTC1 /MDd /GS /fp:precise /Zc:wchar_t /Zc:forScope /Fo"Debug\\" /Fd"Debug\vc100.pdb" /Gd /TP /wd4129 /wd4355 /wd4996 /analyze- /errorReport:prompt ..\..\source\Diablo\Constants.cpp ..\..\source\Diablo\Core\AuctionInterface.cpp ..\..\source\Diablo\Core\AuctionTrainer.cpp ..\..\source\Diablo\Core\Game.cpp
         Game.cpp
         AuctionTrainer.cpp
         AuctionInterface.cpp
     1>d:\happyauction\source\diablo\core\auctioninterface.cpp(246): warning C4018: '<': Konflikt zwischen 'signed' und 'unsigned'
         Constants.cpp
         Code wird generiert...
       Lib:
         C:\Program Files (x86)\Microsoft Visual Studio 10.0\VC\bin\Lib.exe /OUT:"D:\HappyAuction\build\Debug\Diablo3.lib" /NOLOGO Debug\AuctionInterface.obj
         Debug\AuctionTrainer.obj
         Debug\Game.obj
         Debug\Constants.obj
         Diablo3.vcxproj -> D:\HappyAuction\build\Debug\Diablo3.lib
       FinalizeBuildStatus:
         Die Datei "Debug\Diablo3.unsuccessfulbuild" wird gelöscht.
         Aktualisieren des Timestamps von "Debug\Diablo3.lastbuildstate".
     1>Die Erstellung des Projekts "D:\HappyAuction\build\Diablo3\Diablo3.vcxproj" ist abgeschlossen, build Ziel(e).

Das Erstellen war erfolgreich.

Verstrichene Zeit 00:00:04.20
