ID: 276906053 DPS/Armor: 629 bid: 999500 buyout: 999500 currBid: 0 flags: 102 ilvl: 61 timeleft: 2h 1m name: Fissure Greaves
STAT:Dexterity VALUE:130
STAT:Vitality VALUE:57
STAT:Armor VALUE:301
SOCKET:Dexterity VALUE:38 GEM:Emerald RANK:9
SOCKET:Dexterity VALUE:34 GEM:Emerald RANK:8
ID: 278319476 DPS/Armor: 591 bid: 330750 buyout: 600000 currBid: 315000 flags: 102 ilvl: 62 timeleft: 19h 55m name: Wander Shelter
STAT:Dexterity VALUE:138
STAT:Vitality VALUE:82
STAT:Armor VALUE:208
SOCKET:Dexterity VALUE:34 GEM:Emerald RANK:8
SOCKET:Dexterity VALUE:34 GEM:Emerald RANK:8
ID: 279233344 DPS/Armor: 577 bid: 1110 buyout: 500000 currBid: 1057 flags: 102 ilvl: 60 timeleft: 1d 3h name: Defiant Mail
STAT:Dexterity VALUE:120
STAT:Vitality VALUE:72
STAT:Armor VALUE:268
SOCKET:Dexterity VALUE:34 GEM:Emerald RANK:8
SOCKET:Dexterity VALUE:34 GEM:Emerald RANK:8
ID: 277923039 DPS/Armor: 571 bid: 400000 buyout: 400000 currBid: 0 flags: 102 ilvl: 60 timeleft: 15h 57m name: Attack Onus
STAT:Dexterity VALUE:104
STAT:Vitality VALUE:101
STAT:Armor VALUE:276
STAT:Life Regeneration VALUE:13
SOCKET:Dexterity VALUE:34 GEM:Emerald RANK:8
SOCKET:Dexterity VALUE:34 GEM:Emerald RANK:8
ID: 278850948 DPS/Armor: 563 bid: 400000 buyout: 1000000 currBid: 0 flags: 102 ilvl: 60 timeleft: 1d name: Flesh Mail
STAT:Strength VALUE:49
STAT:Dexterity VALUE:100
STAT:Vitality VALUE:120
STAT:Armor VALUE:263
STAT:Life Regeneration VALUE:61
SOCKET:Dexterity VALUE:34 GEM:Emerald RANK:8
SOCKET:Dexterity VALUE:34 GEM:Emerald RANK:8
ID: 277395526 DPS/Armor: 553 bid: 1000000 buyout: 1000000 currBid: 0 flags: 102 ilvl: 61 timeleft: 5h 44m name: Cavalry Arts
STAT:Dexterity VALUE:135
STAT:Vitality VALUE:50
STAT:Arcane Resistance VALUE:42
STAT:Armor VALUE:197
SOCKET:Dexterity VALUE:34 GEM:Emerald RANK:8
SOCKET:Dexterity VALUE:34 GEM:Emerald RANK:8
ID: 278672254 DPS/Armor: 552 bid: 1100000 buyout: 1200000 currBid: 0 flags: 102 ilvl: 60 timeleft: 23h 9m name: Brigand's Cloth
STAT:Dexterity VALUE:149
STAT:Vitality VALUE:72
STAT:Armor VALUE:235
SOCKET:Dexterity VALUE:38 GEM:Emerald RANK:9
SOCKET:Dexterity VALUE:38 GEM:Emerald RANK:9
ID: 279789249 DPS/Armor: 548 bid: 1000000 buyout: 1000000 currBid: 0 flags: 102 ilvl: 63 timeleft: 1d 8h name: Scout Apex
STAT:Dexterity VALUE:131
STAT:Intelligence VALUE:48
STAT:Vitality VALUE:75
STAT:Armor VALUE:111
STAT:Pickup Radius VALUE:6
SOCKET:Dexterity VALUE:42 GEM:Emerald RANK:10
SOCKET:Dexterity VALUE:42 GEM:Emerald RANK:10
ID: 278590325 DPS/Armor: 547 bid: 600000 buyout: 600000 currBid: 0 flags: 102 ilvl: 60 timeleft: 22h 27m name: Dash Gut
STAT:Strength VALUE:49
STAT:Dexterity VALUE:128
STAT:Vitality VALUE:59
STAT:Armor VALUE:262
SOCKET:Dexterity VALUE:38 GEM:Emerald RANK:9
SOCKET:Dexterity VALUE:38 GEM:Emerald RANK:9
ID: 279658810 DPS/Armor: 544 bid: 525454 buyout: 1000000 currBid: 0 flags: 102 ilvl: 60 timeleft: 1d 6h name: Assassin's Greaves
STAT:Dexterity VALUE:114
STAT:Vitality VALUE:136
STAT:Fire Resistance VALUE:37
STAT:Armor VALUE:252
SOCKET:Dexterity VALUE:34 GEM:Emerald RANK:8
SOCKET:Dexterity VALUE:34 GEM:Emerald RANK:8
ID: 278792125 DPS/Armor: 543 bid: 860000 buyout: 940000 currBid: 0 flags: 102 ilvl: 60 timeleft: 1d name: Banished Guard
STAT:Dexterity VALUE:140
STAT:Vitality VALUE:65
STAT:Cold Resistance VALUE:18
STAT:Armor VALUE:240
STAT:Life Regeneration VALUE:42
SOCKET:Dexterity VALUE:38 GEM:Emerald RANK:9
SOCKET:Dexterity VALUE:38 GEM:Emerald RANK:9
ID: 277535661 DPS/Armor: 542 bid: 900000 buyout: 900000 currBid: 0 flags: 102 ilvl: 61 timeleft: 7h 15m name: Dash Lock
STAT:Dexterity VALUE:132
STAT:Vitality VALUE:68
STAT:Armor VALUE:198
STAT:Gold Find VALUE:15
STAT:Life Regeneration VALUE:72
SOCKET:Dexterity VALUE:34 GEM:Emerald RANK:8
SOCKET:Dexterity VALUE:34 GEM:Emerald RANK:8
ID: 279387466 DPS/Armor: 538 bid: 400000 buyout: 500000 currBid: 0 flags: 102 ilvl: 60 timeleft: 1d 4h name: Horizon Impunity
STAT:Strength VALUE:40
STAT:Dexterity VALUE:108
STAT:Vitality VALUE:118
STAT:Armor VALUE:231
STAT:Life Regeneration VALUE:38
SOCKET:Dexterity VALUE:34 GEM:Emerald RANK:8
SOCKET:Dexterity VALUE:34 GEM:Emerald RANK:8
ID: 276976089 DPS/Armor: 531 bid: 477000 buyout: 477000 currBid: 0 flags: 102 ilvl: 60 timeleft: 2h 32m name: Shadow Deflectors
STAT:Dexterity VALUE:96
STAT:Vitality VALUE:115
STAT:Armor VALUE:228
STAT:Life Regeneration VALUE:23
SOCKET:Dexterity VALUE:34 GEM:Emerald RANK:8
SOCKET:Dexterity VALUE:34 GEM:Emerald RANK:8
ID: 279849175 DPS/Armor: 529 bid: 250000 buyout: 350000 currBid: 0 flags: 102 ilvl: 58 timeleft: 1d 10h name: Hollow Cloth
STAT:Dexterity VALUE:119
STAT:Vitality VALUE:128
STAT:Lightning Resistance VALUE:35
STAT:Armor VALUE:258
SOCKET:Dexterity VALUE:34 GEM:Emerald RANK:8
SOCKET:Dexterity VALUE:34 GEM:Emerald RANK:8
ID: 277953671 DPS/Armor: 524 bid: 200000 buyout: 650000 currBid: 0 flags: 102 ilvl: 58 timeleft: 16h 19m name: Scout Savvy
STAT:Strength VALUE:51
STAT:Dexterity VALUE:91
STAT:Vitality VALUE:69
STAT:Lightning Resistance VALUE:24
STAT:Armor VALUE:245
SOCKET:Dexterity VALUE:34 GEM:Emerald RANK:8
SOCKET:Dexterity VALUE:34 GEM:Emerald RANK:8
ID: 277162395 DPS/Armor: 521 bid: 500000 buyout: 750000 currBid: 0 flags: 102 ilvl: 61 timeleft: 3h 57m name: Horizon Gift
STAT:Dexterity VALUE:112
STAT:Vitality VALUE:63
STAT:Armor VALUE:185
STAT:Life Regeneration VALUE:148
SOCKET:Dexterity VALUE:34 GEM:Emerald RANK:8
SOCKET:Dexterity VALUE:34 GEM:Emerald RANK:8
ID: 279341374 DPS/Armor: 506 bid: 1000000 buyout: 1000000 currBid: 0 flags: 102 ilvl: 61 timeleft: 1d 4h name: Skirmishing Mail
STAT:Strength VALUE:71
STAT:Dexterity VALUE:150
STAT:Vitality VALUE:76
STAT:Armor VALUE:151
SOCKET:Dexterity VALUE:34 GEM:Emerald RANK:8
SOCKET:Dexterity VALUE:34 GEM:Emerald RANK:8
ID: 277537525 DPS/Armor: 494 bid: 500000 buyout: 750000 currBid: 0 flags: 102 ilvl: 58 timeleft: 7h 16m name: Barren Links
STAT:Dexterity VALUE:122
STAT:Intelligence VALUE:56
STAT:Vitality VALUE:51
STAT:Armor VALUE:218
STAT:Physical Damage to Attacker VALUE:314
SOCKET:Dexterity VALUE:34 GEM:Emerald RANK:8
SOCKET:Dexterity VALUE:34 GEM:Emerald RANK:8
ID: 279673491 DPS/Armor: 489 bid: 120000 buyout: 150000 currBid: 0 flags: 102 ilvl: 60 timeleft: 1d 6h name: Rift Bounders
STAT:Strength VALUE:37
STAT:Dexterity VALUE:113
STAT:Vitality VALUE:74
STAT:Armor VALUE:174
STAT:Life Regeneration VALUE:83
SOCKET:Dexterity VALUE:34 GEM:Emerald RANK:8
SOCKET:Dexterity VALUE:34 GEM:Emerald RANK:8
ID: 277290592 DPS/Armor: 484 bid: 700000 buyout: 900000 currBid: 0 flags: 102 ilvl: 60 timeleft: 4h 54m name: Hunt Retribution
STAT:Strength VALUE:46
STAT:Dexterity VALUE:136
STAT:Vitality VALUE:96
STAT:Armor VALUE:176
STAT:Life Regeneration VALUE:10
SOCKET:Dexterity VALUE:34 GEM:Emerald RANK:8
SOCKET:Dexterity VALUE:34 GEM:Emerald RANK:8
ID: 279468784 DPS/Armor: 483 bid: 400000 buyout: 500000 currBid: 0 flags: 102 ilvl: 60 timeleft: 1d 4h name: Strider's Sanctum
STAT:Strength VALUE:43
STAT:Dexterity VALUE:127
STAT:Vitality VALUE:89
STAT:Cold Resistance VALUE:12
STAT:Armor VALUE:190
SOCKET:Dexterity VALUE:34 GEM:Emerald RANK:8
SOCKET:Dexterity VALUE:34 GEM:Emerald RANK:8
